<?xml version="1.0" encoding="UTF-8"?>
<testsuite name="com.nisum.productcatalog.ProductCatalogApplicationTests" tests="1" skipped="0" failures="0" errors="0" timestamp="2018-12-14T20:05:45" hostname="A4371866" time="0.138">
  <properties/>
  <testcase name="contextLoads" classname="com.nisum.productcatalog.ProductCatalogApplicationTests" time="0.138"/>
  <system-out><![CDATA[12:05:42.196 [Test worker] DEBUG org.springframework.test.context.junit4.SpringJUnit4ClassRunner - SpringJUnit4ClassRunner constructor called with [class com.nisum.productcatalog.ProductCatalogApplicationTests]
12:05:42.204 [Test worker] DEBUG org.springframework.test.context.BootstrapUtils - Instantiating CacheAwareContextLoaderDelegate from class [org.springframework.test.context.cache.DefaultCacheAwareContextLoaderDelegate]
12:05:42.211 [Test worker] DEBUG org.springframework.test.context.BootstrapUtils - Instantiating BootstrapContext using constructor [public org.springframework.test.context.support.DefaultBootstrapContext(java.lang.Class,org.springframework.test.context.CacheAwareContextLoaderDelegate)]
12:05:42.227 [Test worker] DEBUG org.springframework.test.context.BootstrapUtils - Instantiating TestContextBootstrapper for test class [com.nisum.productcatalog.ProductCatalogApplicationTests] from class [org.springframework.boot.test.context.SpringBootTestContextBootstrapper]
12:05:42.237 [Test worker] INFO org.springframework.boot.test.context.SpringBootTestContextBootstrapper - Neither @ContextConfiguration nor @ContextHierarchy found for test class [com.nisum.productcatalog.ProductCatalogApplicationTests], using SpringBootContextLoader
12:05:42.240 [Test worker] DEBUG org.springframework.test.context.support.AbstractContextLoader - Did not detect default resource location for test class [com.nisum.productcatalog.ProductCatalogApplicationTests]: class path resource [com/nisum/productcatalog/ProductCatalogApplicationTests-context.xml] does not exist
12:05:42.241 [Test worker] DEBUG org.springframework.test.context.support.AbstractContextLoader - Did not detect default resource location for test class [com.nisum.productcatalog.ProductCatalogApplicationTests]: class path resource [com/nisum/productcatalog/ProductCatalogApplicationTestsContext.groovy] does not exist
12:05:42.241 [Test worker] INFO org.springframework.test.context.support.AbstractContextLoader - Could not detect default resource locations for test class [com.nisum.productcatalog.ProductCatalogApplicationTests]: no resource found for suffixes {-context.xml, Context.groovy}.
12:05:42.242 [Test worker] INFO org.springframework.test.context.support.AnnotationConfigContextLoaderUtils - Could not detect default configuration classes for test class [com.nisum.productcatalog.ProductCatalogApplicationTests]: ProductCatalogApplicationTests does not declare any static, non-private, non-final, nested classes annotated with @Configuration.
12:05:42.279 [Test worker] DEBUG org.springframework.test.context.support.ActiveProfilesUtils - Could not find an 'annotation declaring class' for annotation type [org.springframework.test.context.ActiveProfiles] and class [com.nisum.productcatalog.ProductCatalogApplicationTests]
12:05:42.342 [Test worker] DEBUG org.springframework.context.annotation.ClassPathScanningCandidateComponentProvider - Identified candidate component class: file [/Users/yc04292/Documents/Training/product-catalog/build/classes/java/main/com/nisum/productcatalog/ProductCatalogApplication.class]
12:05:42.344 [Test worker] INFO org.springframework.boot.test.context.SpringBootTestContextBootstrapper - Found @SpringBootConfiguration com.nisum.productcatalog.ProductCatalogApplication for test class com.nisum.productcatalog.ProductCatalogApplicationTests
12:05:42.440 [Test worker] DEBUG org.springframework.boot.test.context.SpringBootTestContextBootstrapper - @TestExecutionListeners is not present for class [com.nisum.productcatalog.ProductCatalogApplicationTests]: using defaults.
12:05:42.441 [Test worker] INFO org.springframework.boot.test.context.SpringBootTestContextBootstrapper - Loaded default TestExecutionListener class names from location [META-INF/spring.factories]: [org.springframework.boot.test.autoconfigure.restdocs.RestDocsTestExecutionListener, org.springframework.boot.test.autoconfigure.web.client.MockRestServiceServerResetTestExecutionListener, org.springframework.boot.test.autoconfigure.web.servlet.MockMvcPrintOnlyOnFailureTestExecutionListener, org.springframework.boot.test.autoconfigure.web.servlet.WebDriverTestExecutionListener, org.springframework.boot.test.mock.mockito.MockitoTestExecutionListener, org.springframework.boot.test.mock.mockito.ResetMocksTestExecutionListener, org.springframework.test.context.web.ServletTestExecutionListener, org.springframework.test.context.support.DirtiesContextBeforeModesTestExecutionListener, org.springframework.test.context.support.DependencyInjectionTestExecutionListener, org.springframework.test.context.support.DirtiesContextTestExecutionListener, org.springframework.test.context.transaction.TransactionalTestExecutionListener, org.springframework.test.context.jdbc.SqlScriptsTestExecutionListener]
12:05:42.451 [Test worker] DEBUG org.springframework.boot.test.context.SpringBootTestContextBootstrapper - Skipping candidate TestExecutionListener [org.springframework.test.context.transaction.TransactionalTestExecutionListener] due to a missing dependency. Specify custom listener classes or make the default listener classes and their required dependencies available. Offending class: [org/springframework/transaction/interceptor/TransactionAttributeSource]
12:05:42.451 [Test worker] DEBUG org.springframework.boot.test.context.SpringBootTestContextBootstrapper - Skipping candidate TestExecutionListener [org.springframework.test.context.jdbc.SqlScriptsTestExecutionListener] due to a missing dependency. Specify custom listener classes or make the default listener classes and their required dependencies available. Offending class: [org/springframework/transaction/interceptor/TransactionAttribute]
12:05:42.452 [Test worker] INFO org.springframework.boot.test.context.SpringBootTestContextBootstrapper - Using TestExecutionListeners: [org.springframework.test.context.web.ServletTestExecutionListener@bd6f4c6, org.springframework.test.context.support.DirtiesContextBeforeModesTestExecutionListener@5eebefd5, org.springframework.boot.test.mock.mockito.MockitoTestExecutionListener@51b43cf, org.springframework.boot.test.autoconfigure.SpringBootDependencyInjectionTestExecutionListener@149e286, org.springframework.test.context.support.DirtiesContextTestExecutionListener@3d0556ad, org.springframework.boot.test.autoconfigure.restdocs.RestDocsTestExecutionListener@3c91839f, org.springframework.boot.test.autoconfigure.web.client.MockRestServiceServerResetTestExecutionListener@63cbbaf9, org.springframework.boot.test.autoconfigure.web.servlet.MockMvcPrintOnlyOnFailureTestExecutionListener@2dd839d4, org.springframework.boot.test.autoconfigure.web.servlet.WebDriverTestExecutionListener@3a7fb2fc, org.springframework.boot.test.mock.mockito.ResetMocksTestExecutionListener@a424357]
12:05:42.454 [Test worker] DEBUG org.springframework.test.annotation.ProfileValueUtils - Retrieved @ProfileValueSourceConfiguration [null] for test class [com.nisum.productcatalog.ProductCatalogApplicationTests]
12:05:42.454 [Test worker] DEBUG org.springframework.test.annotation.ProfileValueUtils - Retrieved ProfileValueSource type [class org.springframework.test.annotation.SystemProfileValueSource] for class [com.nisum.productcatalog.ProductCatalogApplicationTests]
12:05:42.455 [Test worker] DEBUG org.springframework.test.annotation.ProfileValueUtils - Retrieved @ProfileValueSourceConfiguration [null] for test class [com.nisum.productcatalog.ProductCatalogApplicationTests]
12:05:42.455 [Test worker] DEBUG org.springframework.test.annotation.ProfileValueUtils - Retrieved ProfileValueSource type [class org.springframework.test.annotation.SystemProfileValueSource] for class [com.nisum.productcatalog.ProductCatalogApplicationTests]
12:05:42.458 [Test worker] DEBUG org.springframework.test.context.support.AbstractDirtiesContextTestExecutionListener - Before test class: context [DefaultTestContext@72ec7883 testClass = ProductCatalogApplicationTests, testInstance = [null], testMethod = [null], testException = [null], mergedContextConfiguration = [WebMergedContextConfiguration@3e8b2d07 testClass = ProductCatalogApplicationTests, locations = '{}', classes = '{class com.nisum.productcatalog.ProductCatalogApplication}', contextInitializerClasses = '[]', activeProfiles = '{}', propertySourceLocations = '{}', propertySourceProperties = '{org.springframework.boot.test.context.SpringBootTestContextBootstrapper=true}', contextCustomizers = set[org.springframework.boot.test.autoconfigure.properties.PropertyMappingContextCustomizer@0, org.springframework.boot.test.autoconfigure.web.servlet.WebDriverContextCustomizerFactory$Customizer@7fd51dea, org.springframework.boot.test.context.filter.ExcludeFilterContextCustomizer@4bccc52d, org.springframework.boot.test.json.DuplicateJsonObjectContextCustomizerFactory$DuplicateJsonObjectContextCustomizer@18cfa4fe, org.springframework.boot.test.mock.mockito.MockitoContextCustomizer@0, org.springframework.boot.test.web.client.TestRestTemplateContextCustomizer@1d66960], resourceBasePath = 'src/main/webapp', contextLoader = 'org.springframework.boot.test.context.SpringBootContextLoader', parent = [null]], attributes = map['org.springframework.test.context.web.ServletTestExecutionListener.activateListener' -> true]], class annotated with @DirtiesContext [false] with mode [null].
12:05:42.459 [Test worker] DEBUG org.springframework.test.annotation.ProfileValueUtils - Retrieved @ProfileValueSourceConfiguration [null] for test class [com.nisum.productcatalog.ProductCatalogApplicationTests]
12:05:42.459 [Test worker] DEBUG org.springframework.test.annotation.ProfileValueUtils - Retrieved ProfileValueSource type [class org.springframework.test.annotation.SystemProfileValueSource] for class [com.nisum.productcatalog.ProductCatalogApplicationTests]
12:05:42.475 [Test worker] DEBUG org.springframework.test.context.support.TestPropertySourceUtils - Adding inlined properties to environment: {spring.jmx.enabled=false, org.springframework.boot.test.context.SpringBootTestContextBootstrapper=true, server.port=-1}

  .   ____          _            __ _ _
 /\\ / ___'_ __ _ _(_)_ __  __ _ \ \ \ \
( ( )\___ | '_ | '_| | '_ \/ _` | \ \ \ \
 \\/  ___)| |_)| | | | | || (_| |  ) ) ) )
  '  |____| .__|_| |_|_| |_\__, | / / / /
 =========|_|==============|___/=/_/_/_/
 :: Spring Boot ::        (v2.1.1.RELEASE)

2018-12-14 12:05:42.746  INFO 2552 --- [    Test worker] c.n.p.ProductCatalogApplicationTests     : Starting ProductCatalogApplicationTests on A4371866 with PID 2552 (started by yc04292 in /Users/yc04292/Documents/Training/product-catalog)
2018-12-14 12:05:42.747  INFO 2552 --- [    Test worker] c.n.p.ProductCatalogApplicationTests     : No active profile set, falling back to default profiles: default
2018-12-14 12:05:44.815  INFO 2552 --- [    Test worker] o.s.b.a.e.web.EndpointLinksResolver      : Exposing 2 endpoint(s) beneath base path '/actuator'
2018-12-14 12:05:44.960  INFO 2552 --- [    Test worker] pertySourcedRequestMappingHandlerMapping : Mapped URL path [/v2/api-docs] onto method [public org.springframework.http.ResponseEntity<springfox.documentation.spring.web.json.Json> springfox.documentation.swagger2.web.Swagger2Controller.getDocumentation(java.lang.String,javax.servlet.http.HttpServletRequest)]
2018-12-14 12:05:45.329  INFO 2552 --- [    Test worker] o.s.s.concurrent.ThreadPoolTaskExecutor  : Initializing ExecutorService 'applicationTaskExecutor'
2018-12-14 12:05:45.675  INFO 2552 --- [    Test worker] d.s.w.p.DocumentationPluginsBootstrapper : Context refreshed
2018-12-14 12:05:45.705  INFO 2552 --- [    Test worker] d.s.w.p.DocumentationPluginsBootstrapper : Found 1 custom documentation plugin(s)
2018-12-14 12:05:45.745  INFO 2552 --- [    Test worker] s.d.s.w.s.ApiListingReferenceScanner     : Scanning for api listing references
2018-12-14 12:05:45.916  INFO 2552 --- [    Test worker] .d.s.w.r.o.CachingOperationNameGenerator : Generating unique operation named: handleUsingGET_1
2018-12-14 12:05:45.919  INFO 2552 --- [    Test worker] .d.s.w.r.o.CachingOperationNameGenerator : Generating unique operation named: handleUsingGET_2
2018-12-14 12:05:45.921  INFO 2552 --- [    Test worker] .d.s.w.r.o.CachingOperationNameGenerator : Generating unique operation named: handleUsingGET_3
2018-12-14 12:05:45.959  INFO 2552 --- [    Test worker] c.n.p.ProductCatalogApplicationTests     : Started ProductCatalogApplicationTests in 3.474 seconds (JVM running for 4.454)
]]></system-out>
  <system-err><![CDATA[]]></system-err>
</testsuite>
